TN:
SF:src/errors/APIError.ts
FN:5,APIError
FNF:1
FNH:1
FNDA:8,APIError
DA:1,1
DA:2,1
DA:3,1
DA:4,1
DA:5,1
DA:6,8
DA:7,8
DA:8,8
DA:9,8
DA:10,1
DA:11,1
LF:11
LH:11
BRDA:5,0,0,8
BRF:1
BRH:1
end_of_record
TN:
SF:src/errors/BadRequestError.ts
FN:5,BadRequestError
FNF:1
FNH:1
FNDA:8,BadRequestError
DA:1,1
DA:2,1
DA:3,1
DA:4,1
DA:5,1
DA:6,8
DA:7,8
DA:8,1
DA:9,1
LF:9
LH:9
BRDA:5,0,0,8
BRDA:6,1,0,0
BRF:2
BRH:1
end_of_record
TN:
SF:src/errors/NotFoundError.ts
FN:5,NotFoundError
FNF:1
FNH:0
FNDA:0,NotFoundError
DA:1,1
DA:2,1
DA:3,1
DA:4,1
DA:5,1
DA:6,0
DA:7,0
DA:8,1
DA:9,1
LF:9
LH:7
BRF:0
BRH:0
end_of_record
TN:
SF:src/modules/user/create/CreateUserUseCases.ts
FN:10,CreateUserUseCases
FN:14,execute
FNF:2
FNH:2
FNDA:3,CreateUserUseCases
FNDA:22,execute
DA:1,1
DA:2,1
DA:3,1
DA:4,1
DA:5,1
DA:6,1
DA:7,1
DA:8,1
DA:9,1
DA:10,1
DA:11,3
DA:12,3
DA:13,1
DA:14,1
DA:15,22
DA:16,6
DA:17,6
DA:18,16
DA:19,16
DA:20,22
DA:21,2
DA:22,2
DA:23,14
DA:24,14
DA:25,14
DA:26,14
DA:27,14
DA:28,14
DA:29,1
DA:30,1
LF:30
LH:30
BRDA:10,0,0,3
BRDA:14,1,0,22
BRDA:15,2,0,6
BRDA:18,3,0,16
BRDA:20,4,0,2
BRDA:23,5,0,14
BRF:6
BRH:6
end_of_record
TN:
SF:src/modules/user/listAll/ListUsersUseCases.ts
FN:5,ListUsersUseCases
FN:9,execute
FNF:2
FNH:2
FNDA:1,ListUsersUseCases
FNDA:3,execute
DA:1,1
DA:2,1
DA:3,1
DA:4,1
DA:5,1
DA:6,1
DA:7,1
DA:8,1
DA:9,1
DA:10,3
DA:11,3
DA:12,3
DA:13,3
DA:14,1
DA:15,1
LF:15
LH:15
BRDA:5,0,0,1
BRDA:9,1,0,3
BRF:2
BRH:2
end_of_record
TN:
SF:src/modules/user/listById/ListUserByIdUseCases.ts
FN:8,ListUserByIdUseCases
FN:12,execute
FNF:2
FNH:2
FNDA:1,ListUserByIdUseCases
FNDA:1,execute
DA:1,1
DA:2,1
DA:3,1
DA:4,1
DA:5,1
DA:6,1
DA:7,1
DA:8,1
DA:9,1
DA:10,1
DA:11,1
DA:12,1
DA:13,1
DA:14,0
DA:15,0
DA:16,1
DA:17,1
DA:18,1
DA:19,0
DA:20,0
DA:21,1
DA:22,1
DA:23,1
DA:24,1
DA:25,1
LF:25
LH:21
BRDA:8,0,0,1
BRDA:12,1,0,1
BRDA:13,2,0,0
BRDA:18,3,0,0
BRF:4
BRH:2
end_of_record
TN:
SF:src/providers/Crypt.ts
FN:5,hash
FN:9,matches
FN:13,matchesPassword
FNF:3
FNH:1
FNDA:14,hash
FNDA:0,matches
FNDA:0,matchesPassword
DA:1,1
DA:2,1
DA:3,1
DA:4,1
DA:5,1
DA:6,14
DA:7,14
DA:8,1
DA:9,1
DA:10,0
DA:11,0
DA:12,1
DA:13,1
DA:14,0
DA:15,0
DA:16,1
DA:17,1
DA:18,1
DA:19,1
DA:20,1
LF:20
LH:16
BRDA:5,0,0,14
BRF:1
BRH:1
end_of_record
TN:
SF:src/providers/UUID.ts
FN:6,generateUUID
FN:10,generateCUID
FNF:2
FNH:1
FNDA:0,generateUUID
FNDA:14,generateCUID
DA:1,1
DA:2,1
DA:3,1
DA:4,1
DA:5,1
DA:6,1
DA:7,0
DA:8,0
DA:9,1
DA:10,1
DA:11,14
DA:12,14
DA:13,1
DA:14,1
DA:15,1
DA:16,1
DA:17,1
DA:18,1
LF:18
LH:16
BRDA:10,0,0,14
BRF:1
BRH:1
end_of_record
TN:
SF:src/repositories/mock/MockUserRepository.ts
FN:7,MockUserRepository
FN:11,listAll
FN:22,listById
FN:34,listByEmail
FN:46,create
FN:62,update
FN:79,delete
FN:83,cleanRepository
FNF:8
FNH:6
FNDA:3,MockUserRepository
FNDA:3,listAll
FNDA:1,listById
FNDA:16,listByEmail
FNDA:14,create
FNDA:0,update
FNDA:0,delete
FNDA:11,cleanRepository
DA:1,1
DA:2,1
DA:3,1
DA:4,1
DA:5,1
DA:6,1
DA:7,3
DA:8,3
DA:9,3
DA:10,3
DA:11,3
DA:12,3
DA:13,6
DA:14,6
DA:15,6
DA:16,6
DA:17,3
DA:18,3
DA:19,3
DA:20,3
DA:21,3
DA:22,3
DA:23,1
DA:24,1
DA:25,0
DA:26,0
DA:27,1
DA:28,1
DA:29,1
DA:30,1
DA:31,1
DA:32,1
DA:33,3
DA:34,3
DA:35,16
DA:36,16
DA:37,14
DA:38,14
DA:39,2
DA:40,2
DA:41,2
DA:42,2
DA:43,2
DA:44,2
DA:45,3
DA:46,3
DA:47,14
DA:48,14
DA:49,14
DA:50,14
DA:51,14
DA:52,14
DA:53,1
DA:54,1
DA:55,13
DA:56,13
DA:57,13
DA:58,13
DA:59,13
DA:60,13
DA:61,3
DA:62,3
DA:63,0
DA:64,0
DA:65,0
DA:66,0
DA:67,0
DA:68,0
DA:69,0
DA:70,0
DA:71,0
DA:72,0
DA:73,0
DA:74,0
DA:75,0
DA:76,0
DA:77,0
DA:78,3
DA:79,3
DA:80,0
DA:81,0
DA:82,3
DA:83,3
DA:84,11
DA:85,11
DA:86,3
LF:86
LH:67
BRDA:7,0,0,3
BRDA:11,1,0,3
BRDA:12,2,0,6
BRDA:22,3,0,1
BRDA:24,4,0,0
BRDA:23,5,0,1
BRDA:34,6,0,16
BRDA:36,7,0,14
BRDA:39,8,0,2
BRDA:35,9,0,6
BRDA:46,10,0,14
BRDA:52,11,0,1
BRDA:55,12,0,13
BRDA:83,13,0,11
BRF:14
BRH:13
end_of_record
TN:
SF:src/utils/Validate.ts
FN:2,someIsNullOrUndefined
FNF:1
FNH:1
FNDA:22,someIsNullOrUndefined
DA:1,1
DA:2,22
DA:3,22
DA:4,22
DA:5,22
DA:6,0
DA:7,0
DA:8,22
DA:9,22
DA:10,22
LF:10
LH:8
BRDA:2,0,0,22
BRDA:5,1,0,0
BRDA:9,2,0,60
BRF:3
BRH:2
end_of_record
