TN:
SF:src/errors/APIError.ts
FN:5,APIError
FNF:1
FNH:1
FNDA:8,APIError
DA:1,1
DA:2,1
DA:3,1
DA:4,1
DA:5,1
DA:6,8
DA:7,8
DA:8,8
DA:9,8
DA:10,1
DA:11,1
LF:11
LH:11
BRDA:5,0,0,8
BRF:1
BRH:1
end_of_record
TN:
SF:src/errors/BadRequestError.ts
FN:5,BadRequestError
FNF:1
FNH:1
FNDA:8,BadRequestError
DA:1,1
DA:2,1
DA:3,1
DA:4,1
DA:5,1
DA:6,8
DA:7,8
DA:8,1
DA:9,1
LF:9
LH:9
BRDA:5,0,0,8
BRDA:6,1,0,0
BRF:2
BRH:1
end_of_record
TN:
SF:src/modules/user/create/CreateUserUseCases.ts
FN:10,CreateUserUseCases
FN:14,execute
FNF:2
FNH:2
FNDA:2,CreateUserUseCases
FNDA:16,execute
DA:1,1
DA:2,1
DA:3,1
DA:4,1
DA:5,1
DA:6,1
DA:7,1
DA:8,1
DA:9,1
DA:10,1
DA:11,2
DA:12,2
DA:13,1
DA:14,1
DA:15,16
DA:16,6
DA:17,6
DA:18,10
DA:19,10
DA:20,16
DA:21,2
DA:22,2
DA:23,8
DA:24,8
DA:25,8
DA:26,8
DA:27,8
DA:28,8
DA:29,1
DA:30,1
LF:30
LH:30
BRDA:10,0,0,2
BRDA:14,1,0,16
BRDA:15,2,0,6
BRDA:18,3,0,10
BRDA:20,4,0,2
BRDA:23,5,0,8
BRF:6
BRH:6
end_of_record
TN:
SF:src/modules/user/listAll/ListUsersUseCases.ts
FN:5,ListUsersUseCases
FN:9,execute
FNF:2
FNH:2
FNDA:1,ListUsersUseCases
FNDA:1,execute
DA:1,1
DA:2,1
DA:3,1
DA:4,1
DA:5,1
DA:6,1
DA:7,1
DA:8,1
DA:9,1
DA:10,1
DA:11,1
DA:12,1
DA:13,1
DA:14,1
DA:15,1
LF:15
LH:15
BRDA:5,0,0,1
BRDA:9,1,0,1
BRF:2
BRH:2
end_of_record
TN:
SF:src/providers/Crypt.ts
FN:5,hash
FN:9,matches
FN:13,matchesPassword
FNF:3
FNH:1
FNDA:8,hash
FNDA:0,matches
FNDA:0,matchesPassword
DA:1,1
DA:2,1
DA:3,1
DA:4,1
DA:5,1
DA:6,8
DA:7,8
DA:8,1
DA:9,1
DA:10,0
DA:11,0
DA:12,1
DA:13,1
DA:14,0
DA:15,0
DA:16,1
DA:17,1
DA:18,1
DA:19,1
DA:20,1
LF:20
LH:16
BRDA:5,0,0,8
BRF:1
BRH:1
end_of_record
TN:
SF:src/providers/UUID.ts
FN:6,generateUUID
FN:10,generateCUID
FNF:2
FNH:1
FNDA:0,generateUUID
FNDA:8,generateCUID
DA:1,1
DA:2,1
DA:3,1
DA:4,1
DA:5,1
DA:6,1
DA:7,0
DA:8,0
DA:9,1
DA:10,1
DA:11,8
DA:12,8
DA:13,1
DA:14,1
DA:15,1
DA:16,1
DA:17,1
DA:18,1
LF:18
LH:16
BRDA:10,0,0,8
BRF:1
BRH:1
end_of_record
TN:
SF:src/repositories/mock/MockUserRepository.ts
FN:7,MockUserRepository
FN:11,listAll
FN:22,listById
FN:34,listByEmail
FN:46,create
FN:62,update
FN:79,delete
FN:83,cleanRepository
FNF:8
FNH:5
FNDA:2,MockUserRepository
FNDA:1,listAll
FNDA:0,listById
FNDA:10,listByEmail
FNDA:8,create
FNDA:0,update
FNDA:0,delete
FNDA:7,cleanRepository
DA:1,1
DA:2,1
DA:3,1
DA:4,1
DA:5,1
DA:6,1
DA:7,2
DA:8,2
DA:9,2
DA:10,2
DA:11,2
DA:12,1
DA:13,2
DA:14,2
DA:15,2
DA:16,2
DA:17,1
DA:18,1
DA:19,1
DA:20,1
DA:21,2
DA:22,2
DA:23,0
DA:24,0
DA:25,0
DA:26,0
DA:27,0
DA:28,0
DA:29,0
DA:30,0
DA:31,0
DA:32,0
DA:33,2
DA:34,2
DA:35,10
DA:36,10
DA:37,8
DA:38,8
DA:39,2
DA:40,2
DA:41,2
DA:42,2
DA:43,2
DA:44,2
DA:45,2
DA:46,2
DA:47,8
DA:48,8
DA:49,8
DA:50,8
DA:51,8
DA:52,8
DA:53,1
DA:54,1
DA:55,7
DA:56,7
DA:57,7
DA:58,7
DA:59,7
DA:60,7
DA:61,2
DA:62,2
DA:63,0
DA:64,0
DA:65,0
DA:66,0
DA:67,0
DA:68,0
DA:69,0
DA:70,0
DA:71,0
DA:72,0
DA:73,0
DA:74,0
DA:75,0
DA:76,0
DA:77,0
DA:78,2
DA:79,2
DA:80,0
DA:81,0
DA:82,2
DA:83,2
DA:84,7
DA:85,7
DA:86,2
LF:86
LH:59
BRDA:7,0,0,2
BRDA:11,1,0,1
BRDA:12,2,0,2
BRDA:34,3,0,10
BRDA:36,4,0,8
BRDA:39,5,0,2
BRDA:35,6,0,4
BRDA:46,7,0,8
BRDA:52,8,0,1
BRDA:55,9,0,7
BRDA:83,10,0,7
BRF:11
BRH:11
end_of_record
TN:
SF:src/utils/Validate.ts
FN:2,someIsNullOrUndefined
FNF:1
FNH:1
FNDA:16,someIsNullOrUndefined
DA:1,1
DA:2,16
DA:3,16
DA:4,16
DA:5,16
DA:6,0
DA:7,0
DA:8,16
DA:9,16
DA:10,16
LF:10
LH:8
BRDA:2,0,0,16
BRDA:5,1,0,0
BRDA:9,2,0,42
BRF:3
BRH:2
end_of_record
